\BOOKMARK [0][-]{chapter*.1}{\376\377\000S\000a\000m\000e\000n\000v\000a\000t\000t\000i\000n\000g}{}% 1
\BOOKMARK [0][-]{chapter*.5}{\376\377\000W\000o\000o\000r\000d\000e\000n\000l\000i\000j\000s\000t}{}% 2
\BOOKMARK [0][-]{chapter.1}{\376\377\000I\000n\000l\000e\000i\000d\000i\000n\000g}{}% 3
\BOOKMARK [1][-]{section.1.1}{\376\377\000O\000r\000g\000a\000n\000i\000s\000a\000t\000i\000e\000o\000m\000s\000c\000h\000r\000i\000j\000v\000i\000n\000g}{chapter.1}% 4
\BOOKMARK [1][-]{section.1.2}{\376\377\000C\000o\000n\000t\000e\000x\000t}{chapter.1}% 5
\BOOKMARK [1][-]{section.1.3}{\376\377\000A\000a\000n\000l\000e\000i\000d\000i\000n\000g}{chapter.1}% 6
\BOOKMARK [1][-]{section.1.4}{\376\377\000O\000p\000d\000r\000a\000c\000h\000t\000o\000m\000s\000c\000h\000r\000i\000j\000v\000i\000n\000g}{chapter.1}% 7
\BOOKMARK [1][-]{section.1.5}{\376\377\000L\000e\000e\000s\000w\000i\000j\000z\000e\000r}{chapter.1}% 8
\BOOKMARK [0][-]{chapter.2}{\376\377\000O\000n\000t\000w\000e\000r\000p}{}% 9
\BOOKMARK [1][-]{section.2.1}{\376\377\000S\000c\000e\000n\000a\000r\000i\000o\000'\000s}{chapter.2}% 10
\BOOKMARK [1][-]{section.2.2}{\376\377\000L\000o\000g\000i\000c\000a\000l\000\040\000V\000i\000e\000w}{chapter.2}% 11
\BOOKMARK [2][-]{subsection.2.2.1}{\376\377\000D\000a\000t\000a\000m\000o\000d\000e\000l}{section.2.2}% 12
\BOOKMARK [2][-]{subsection.2.2.2}{\376\377\000S\000o\000f\000t\000w\000a\000r\000e\000\040\000a\000r\000c\000h\000i\000t\000e\000c\000t\000u\000u\000r}{section.2.2}% 13
\BOOKMARK [1][-]{section.2.3}{\376\377\000P\000r\000o\000c\000e\000s\000s\000\040\000V\000i\000e\000w}{chapter.2}% 14
\BOOKMARK [2][-]{subsection.2.3.1}{\376\377\000B\000a\000c\000k\000e\000n\000d}{section.2.3}% 15
\BOOKMARK [2][-]{subsection.2.3.2}{\376\377\000F\000r\000o\000n\000t\000e\000n\000d}{section.2.3}% 16
\BOOKMARK [1][-]{section.2.4}{\376\377\000D\000e\000v\000e\000l\000o\000p\000m\000e\000n\000t\000\040\000v\000i\000e\000w}{chapter.2}% 17
\BOOKMARK [1][-]{section.2.5}{\376\377\000P\000h\000y\000s\000i\000c\000a\000l\000\040\000v\000i\000e\000w}{chapter.2}% 18
\BOOKMARK [0][-]{chapter.3}{\376\377\000R\000e\000a\000l\000i\000s\000a\000t\000i\000e}{}% 19
\BOOKMARK [1][-]{section.3.1}{\376\377\000B\000o\000u\000w\000o\000m\000g\000e\000v\000i\000n\000g}{chapter.3}% 20
\BOOKMARK [1][-]{section.3.2}{\376\377\000D\000e\000s\000i\000g\000n\000\040\000p\000a\000t\000t\000e\000r\000n\000s}{chapter.3}% 21
\BOOKMARK [2][-]{subsection.3.2.1}{\376\377\000R\000e\000p\000o\000s\000i\000t\000o\000r\000y\000\040\000p\000a\000t\000t\000e\000r\000n}{section.3.2}% 22
\BOOKMARK [1][-]{section.3.3}{\376\377\000E\000i\000n\000d\000p\000r\000o\000d\000u\000c\000t}{chapter.3}% 23
\BOOKMARK [0][-]{appendix.A}{\376\377\000F\000i\000g\000u\000r\000e\000n\000\040\000U\000M\000L}{}% 24
