\BOOKMARK [0][-]{chapter*.4}{\376\377\000W\000o\000o\000r\000d\000e\000n\000l\000i\000j\000s\000t}{}% 1
\BOOKMARK [0][-]{chapter.1}{\376\377\000I\000n\000l\000e\000i\000d\000i\000n\000g}{}% 2
\BOOKMARK [1][-]{section.1.1}{\376\377\000O\000r\000g\000a\000n\000i\000s\000a\000t\000i\000e\000o\000m\000s\000c\000h\000r\000i\000j\000v\000i\000n\000g}{chapter.1}% 3
\BOOKMARK [1][-]{section.1.2}{\376\377\000C\000o\000n\000t\000e\000x\000t}{chapter.1}% 4
\BOOKMARK [1][-]{section.1.3}{\376\377\000A\000a\000n\000l\000e\000i\000d\000i\000n\000g}{chapter.1}% 5
\BOOKMARK [1][-]{section.1.4}{\376\377\000O\000p\000d\000r\000a\000c\000h\000t\000o\000m\000s\000c\000h\000r\000i\000j\000v\000i\000n\000g}{chapter.1}% 6
\BOOKMARK [1][-]{section.1.5}{\376\377\000L\000e\000e\000s\000w\000i\000j\000z\000e\000r}{chapter.1}% 7
\BOOKMARK [0][-]{chapter.2}{\376\377\000O\000n\000d\000e\000r\000z\000o\000e\000k\000s\000o\000p\000z\000e\000t}{}% 8
\BOOKMARK [1][-]{section.2.1}{\376\377\000D\000o\000e\000l\000s\000t\000e\000l\000l\000i\000n\000g}{chapter.2}% 9
\BOOKMARK [1][-]{section.2.2}{\376\377\000M\000e\000t\000h\000o\000d\000o\000l\000o\000g\000i\000e}{chapter.2}% 10
\BOOKMARK [2][-]{subsection.2.2.1}{\376\377\000D\000e\000e\000l\000v\000r\000a\000a\000g\000\040\0001\000:\000\040\000S\000t\000a\000k\000e\000h\000o\000l\000d\000e\000r\000s}{section.2.2}% 11
\BOOKMARK [2][-]{subsection.2.2.2}{\376\377\000D\000e\000e\000l\000v\000r\000a\000a\000g\000\040\0002\000:\000\040\000A\000r\000c\000h\000i\000t\000e\000c\000t\000u\000u\000r}{section.2.2}% 12
\BOOKMARK [2][-]{subsection.2.2.3}{\376\377\000D\000e\000e\000l\000v\000r\000a\000a\000g\000\040\0003\000:\000\040\000K\000n\000e\000l\000p\000u\000n\000t\000e\000n}{section.2.2}% 13
\BOOKMARK [2][-]{subsection.2.2.4}{\376\377\000D\000e\000e\000l\000v\000r\000a\000a\000g\000\040\0004\000:\000\040\000R\000e\000q\000u\000i\000r\000e\000m\000e\000n\000t\000s}{section.2.2}% 14
\BOOKMARK [2][-]{subsection.2.2.5}{\376\377\000D\000e\000e\000l\000v\000r\000a\000a\000g\000\040\0005\000:\000\040\000P\000r\000i\000o\000r\000i\000t\000e\000r\000i\000n\000g}{section.2.2}% 15
\BOOKMARK [0][-]{chapter.3}{\376\377\000R\000e\000s\000u\000l\000t\000a\000t\000e\000n}{}% 16
\BOOKMARK [1][-]{section.3.1}{\376\377\000D\000e\000e\000l\000v\000r\000a\000a\000g\000\040\0001\000:\000\040\000S\000t\000a\000k\000e\000h\000o\000l\000d\000e\000r\000s}{chapter.3}% 17
\BOOKMARK [1][-]{section.3.2}{\376\377\000D\000e\000e\000l\000v\000r\000a\000a\000g\000\040\0002\000:\000\040\000A\000r\000c\000h\000i\000t\000e\000c\000t\000u\000u\000r}{chapter.3}% 18
\BOOKMARK [2][-]{subsection.3.2.1}{\376\377\000S\000y\000s\000t\000e\000e\000m}{section.3.2}% 19
\BOOKMARK [2][-]{subsection.3.2.2}{\376\377\000H\000e\000t\000\040\000d\000a\000t\000a\000m\000o\000d\000e\000l}{section.3.2}% 20
\BOOKMARK [1][-]{section.3.3}{\376\377\000D\000e\000e\000l\000v\000r\000a\000a\000g\000\040\0003\000:\000\040\000K\000n\000e\000l\000p\000u\000n\000t\000e\000n}{chapter.3}% 21
\BOOKMARK [2][-]{subsection.3.3.1}{\376\377\000J\000a\000n\000n\000y\000\040\000R\000e\000i\000t\000s\000m\000a\000\040\000i\000n\000t\000e\000r\000v\000i\000e\000w}{section.3.3}% 22
\BOOKMARK [2][-]{subsection.3.3.2}{\376\377\000R\000o\000b\000\040\000D\000o\000u\000m\000a\000\040\000i\000n\000t\000e\000r\000v\000i\000e\000w}{section.3.3}% 23
\BOOKMARK [2][-]{subsection.3.3.3}{\376\377\000S\000a\000m\000e\000n\000v\000a\000t\000t\000i\000n\000g\000\040\000e\000n\000\040\000a\000n\000t\000w\000o\000o\000r\000d}{section.3.3}% 24
\BOOKMARK [1][-]{section.3.4}{\376\377\000D\000e\000e\000l\000v\000r\000a\000a\000g\000\040\0004\000:\000\040\000R\000e\000q\000u\000i\000r\000e\000m\000e\000n\000t\000s}{chapter.3}% 25
\BOOKMARK [2][-]{subsection.3.4.1}{\376\377\000I\000n\000t\000e\000r\000v\000i\000e\000w\000s\000\040\000m\000e\000t\000\040\000s\000l\000e\000u\000t\000e\000l\000f\000i\000g\000u\000r\000e\000n}{section.3.4}% 26
\BOOKMARK [2][-]{subsection.3.4.2}{\376\377\000A\000n\000t\000w\000o\000o\000r\000d\000\040\000e\000n\000\040\000r\000e\000s\000u\000l\000t\000a\000a\000t}{section.3.4}% 27
\BOOKMARK [0][-]{appendix.A}{\376\377\000I\000T\000\040\000a\000r\000c\000h\000i\000t\000e\000c\000t\000u\000r\000e\000\040\000s\000k\000e\000t\000c\000h\000i\000n\000g\000\040\000r\000e\000s\000u\000l\000t\000a\000a\000t\000\040\000f\000o\000t\000o}{}% 28
\BOOKMARK [0][-]{appendix.B}{\376\377\000E\000x\000p\000e\000r\000t\000\040\000I\000n\000t\000e\000r\000v\000i\000e\000w\000s}{}% 29
\BOOKMARK [1][-]{section.B.1}{\376\377\000J\000a\000n\000n\000y\000\040\000R\000e\000i\000t\000s\000m\000a\000\040\000I\000n\000t\000e\000r\000v\000i\000e\000w}{appendix.B}% 30
\BOOKMARK [1][-]{section.B.2}{\376\377\000R\000o\000b\000\040\000D\000o\000u\000m\000a\000\040\000I\000n\000t\000e\000r\000v\000i\000e\000w}{appendix.B}% 31
\BOOKMARK [0][-]{appendix.C}{\376\377\000E\000x\000p\000l\000o\000r\000e\000\040\000u\000s\000e\000r\000\040\000r\000e\000q\000u\000i\000r\000e\000m\000e\000n\000t\000s\000\040\000i\000n\000t\000e\000r\000v\000i\000e\000w\000s}{}% 32
\BOOKMARK [1][-]{section.C.1}{\376\377\000E\000l\000s\000a\000\040\000C\000r\000o\000e\000s\000\040\000e\000n\000\040\000E\000r\000i\000c\000\040\000D\000i\000j\000k\000s\000t\000r\000a\000\040\000i\000n\000t\000e\000r\000v\000i\000e\000w}{appendix.C}% 33
\BOOKMARK [1][-]{section.C.2}{\376\377\000H\000a\000n\000s\000\040\000H\000o\000o\000m\000a\000n\000s\000\040\000i\000n\000t\000e\000r\000v\000i\000e\000w}{appendix.C}% 34
